Copyright 1986-2019 Xilinx, Inc. All Rights Reserved.
------------------------------------------------------------------------------------
| Tool Version : Vivado v.2019.1 (lin64) Build 2552052 Fri May 24 14:47:09 MDT 2019
| Date         : Mon Aug 26 20:01:37 2019
| Host         : ubuntu running 64-bit Ubuntu 16.04.6 LTS
| Command      : upgrade_ip
| Device       : xc7z100ffg900-2
------------------------------------------------------------------------------------

Upgrade Log for IP 'top_bd_swerv_eh1_reference_0_6'

1. Summary
----------

SUCCESS in the upgrade of top_bd_swerv_eh1_reference_0_6 (user.org:user:swerv_eh1_reference_design:1.0) from (Rev. 5) to (Rev. 6)






Copyright 1986-2019 Xilinx, Inc. All Rights Reserved.
------------------------------------------------------------------------------------
| Tool Version : Vivado v.2019.1 (lin64) Build 2552052 Fri May 24 14:47:09 MDT 2019
| Date         : Mon Aug 26 17:03:22 2019
| Host         : ubuntu running 64-bit Ubuntu 16.04.6 LTS
| Command      : upgrade_ip
| Device       : xc7z100ffg900-2
------------------------------------------------------------------------------------

Upgrade Log for IP 'top_bd_swerv_eh1_reference_0_6'

1. Summary
----------

SUCCESS in the upgrade of top_bd_swerv_eh1_reference_0_6 (user.org:user:swerv_eh1_reference_design:1.0) from (Rev. 4) to (Rev. 5)






Copyright 1986-2019 Xilinx, Inc. All Rights Reserved.
------------------------------------------------------------------------------------
| Tool Version : Vivado v.2019.1 (lin64) Build 2552052 Fri May 24 14:47:09 MDT 2019
| Date         : Mon Aug 26 16:30:04 2019
| Host         : ubuntu running 64-bit Ubuntu 16.04.6 LTS
| Command      : upgrade_ip
| Device       : xc7z100ffg900-2
------------------------------------------------------------------------------------

Upgrade Log for IP 'top_bd_swerv_eh1_reference_0_6'

1. Summary
----------

SUCCESS in the upgrade of top_bd_swerv_eh1_reference_0_6 (user.org:user:swerv_eh1_reference_design:1.0) from (Rev. 3) to (Rev. 4)






Copyright 1986-2019 Xilinx, Inc. All Rights Reserved.
------------------------------------------------------------------------------------
| Tool Version : Vivado v.2019.1 (lin64) Build 2552052 Fri May 24 14:47:09 MDT 2019
| Date         : Mon Aug 26 16:23:11 2019
| Host         : ubuntu running 64-bit Ubuntu 16.04.6 LTS
| Command      : upgrade_ip
| Device       : xc7z100ffg900-2
------------------------------------------------------------------------------------

Upgrade Log for IP 'top_bd_swerv_eh1_reference_0_6'

1. Summary
----------

SUCCESS in the conversion of top_bd_swerv_eh1_reference_0_6 (user.org:user:swerv_eh1_reference_design:1.0 (Rev. 3)) to Vivado generation flows.






Copyright 1986-2019 Xilinx, Inc. All Rights Reserved.
------------------------------------------------------------------------------------
| Tool Version : Vivado v.2019.1 (lin64) Build 2552052 Fri May 24 14:47:09 MDT 2019
| Date         : Mon Aug 26 13:40:21 2019
| Host         : ubuntu running 64-bit Ubuntu 16.04.6 LTS
| Command      : upgrade_ip
| Device       : xc7z100ffg900-2
------------------------------------------------------------------------------------

Upgrade Log for IP 'top_bd_swerv_eh1_reference_0_6'

1. Summary
----------

SUCCESS in the upgrade of top_bd_swerv_eh1_reference_0_6 (user.org:user:swerv_eh1_reference_design:1.0) from (Rev. 2) to (Rev. 3)

