10:41:12 INFO  : Registering command handlers for SDK TCF services
10:41:15 INFO  : Launching XSCT server: xsct -n -interactive /home/lqa/Documents/swerv/swerv_core_fpga/swerv_core_fpga.sdk/temp_xsdb_launch_script.tcl
10:41:20 INFO  : XSCT server has started successfully.
10:41:20 INFO  : Successfully done setting XSCT server connection channel  
10:41:21 INFO  : Successfully done setting SDK workspace  
10:41:21 INFO  : Processing command line option -hwspec /home/lqa/Documents/swerv/swerv_core_fpga/swerv_core_fpga.sdk/top_bd_wrapper.hdf.
11:30:43 INFO  : Saving BSP preferences.
11:53:57 INFO  : No changes in MSS file content so not generating sources.
11:57:27 INFO  : Connected to target on host '127.0.0.1' and port '3121'.
13:40:27 INFO  : Inferring section assignments and sizes from elf file: /home/lqa/Documents/swerv/swerv_core_fpga/swerv_core_fpga.sdk/Hello_mmp/Debug/Hello_mmp.elf
13:40:31 INFO  : Successfully generated /home/lqa/Documents/swerv/swerv_core_fpga/swerv_core_fpga.sdk/Hello_mmp/src/lscript.ld.
13:40:31 INFO  : Applying linker script to all configurations of project Hello_mmp.
13:40:31 INFO  : Setting rebuild state to true for all configurations of project Hello_mmp.
13:44:06 INFO  : Inferring section assignments and sizes from elf file: /home/lqa/Documents/swerv/swerv_core_fpga/swerv_core_fpga.sdk/Hello_mmp/Debug/Hello_mmp.elf
13:44:17 INFO  : Successfully generated /home/lqa/Documents/swerv/swerv_core_fpga/swerv_core_fpga.sdk/Hello_mmp/src/lscript.ld.
13:44:17 INFO  : Applying linker script to all configurations of project Hello_mmp.
13:44:17 INFO  : Setting rebuild state to true for all configurations of project Hello_mmp.
15:09:10 INFO  : Successfully generated /home/lqa/Documents/swerv/swerv_core_fpga/swerv_core_fpga.sdk/sdcard/src/lscript.ld.
15:09:10 INFO  : Applying linker script to all configurations of project sdcard.
15:09:10 INFO  : Setting rebuild state to true for all configurations of project sdcard.
16:48:31 INFO  : No changes in MSS file content so not generating sources.
16:55:37 INFO  : Invoking Bootgen: bootgen -image linux.bif -arch zynq -o /home/lqa/Documents/swerv/swerv_core_fpga/BOOT.bin
16:55:37 INFO  : Overwriting existing bif file /home/lqa/Documents/swerv/swerv_core_fpga/linux.bif
16:55:40 INFO  : Bootgen command execution is done.
16:56:30 INFO  : Connected to target on host '127.0.0.1' and port '3121'.
16:57:16 INFO  : Connected to target on host '127.0.0.1' and port '3121'.
16:58:03 INFO  : Connected to target on host '127.0.0.1' and port '3121'.
18:30:08 INFO  : Launching XSCT server: xsct -n -interactive /home/lqa/Documents/swerv/swerv_core_fpga/swerv_core_fpga.sdk/temp_xsdb_launch_script.tcl
18:30:11 INFO  : XSCT server has started successfully.
18:33:22 INFO  : Launching XSCT server: xsct -n -interactive /home/lqa/Documents/swerv/swerv_core_fpga/swerv_core_fpga.sdk/temp_xsdb_launch_script.tcl
18:33:25 INFO  : XSCT server has started successfully.
18:33:26 INFO  : Successfully done setting XSCT server connection channel  
18:33:26 INFO  : Successfully done setting SDK workspace  
18:33:33 INFO  : Registering command handlers for SDK TCF services
18:33:33 INFO  : Processing command line option -hwspec /home/lqa/Documents/swerv/swerv_core_fpga/swerv_core_fpga.sdk/top_bd_wrapper.hdf.
18:33:35 INFO  : Checking for hwspec changes in the project top_bd_wrapper_hw_platform_0.
10:09:25 INFO  : Launching XSCT server: xsct -n -interactive /home/lqa/Documents/swerv/swerv_core_fpga/swerv_core_fpga.sdk/temp_xsdb_launch_script.tcl
10:09:28 INFO  : XSCT server has started successfully.
10:09:28 INFO  : Successfully done setting XSCT server connection channel  
10:09:30 INFO  : Successfully done setting SDK workspace  
10:09:42 INFO  : Registering command handlers for SDK TCF services
10:09:42 INFO  : Processing command line option -hwspec /home/lqa/Documents/swerv/swerv_core_fpga/swerv_core_fpga.sdk/top_bd_wrapper.hdf.
10:09:45 INFO  : Checking for hwspec changes in the project top_bd_wrapper_hw_platform_0.
10:16:17 INFO  : Invoking Bootgen: bootgen -image linux.bif -arch zynq -o /home/lqa/Documents/swerv/swerv_core_fpga/BOOT.bin -w on
10:16:17 INFO  : Overwriting existing bif file /home/lqa/Documents/swerv/swerv_core_fpga/linux.bif
10:16:21 INFO  : Bootgen command execution is done.
15:37:56 INFO  : Launching XSCT server: xsct -n -interactive /home/lqa/Documents/swerv/swerv_core_fpga/swerv_core_fpga.sdk/temp_xsdb_launch_script.tcl
15:37:59 INFO  : XSCT server has started successfully.
15:37:59 INFO  : Successfully done setting XSCT server connection channel  
15:38:01 INFO  : Successfully done setting SDK workspace  
15:38:10 INFO  : Registering command handlers for SDK TCF services
15:38:10 INFO  : Processing command line option -hwspec /home/lqa/Documents/swerv/swerv_core_fpga/swerv_core_fpga.sdk/top_bd_wrapper.hdf.
15:38:14 INFO  : Checking for hwspec changes in the project top_bd_wrapper_hw_platform_0.
15:38:14 INFO  : SDK has detected change in the last modified timestamps for source hardware specification file Source:1566826413000,  Project:1566247891000
15:38:14 INFO  : The hardware specification for project 'top_bd_wrapper_hw_platform_0' is different from /home/lqa/Documents/swerv/swerv_core_fpga/swerv_core_fpga.sdk/top_bd_wrapper.hdf.
15:38:15 INFO  : Copied contents of /home/lqa/Documents/swerv/swerv_core_fpga/swerv_core_fpga.sdk/top_bd_wrapper.hdf into /top_bd_wrapper_hw_platform_0/system.hdf.
15:38:32 INFO  : Synchronizing projects in the workspace with the hardware platform specification changes.
15:38:35 INFO  : 
15:38:36 INFO  : 
15:38:37 INFO  : Updating hardware inferred compiler options for MMP_FSBL.
15:38:38 INFO  : Updating hardware inferred compiler options for Hello_mmp.
15:38:39 INFO  : Updating hardware inferred compiler options for sdcard.
15:38:39 INFO  : Clearing existing target manager status.
15:41:59 INFO  : Invoking Bootgen: bootgen -image linux.bif -arch zynq -o /home/lqa/Documents/swerv/swerv_core_fpga/BOOT.bin -w on
15:41:59 INFO  : Overwriting existing bif file /home/lqa/Documents/swerv/swerv_core_fpga/linux.bif
15:42:02 INFO  : Bootgen command execution is done.
09:57:45 INFO  : Launching XSCT server: xsct -n -interactive /home/lqa/Documents/swerv/swerv_core_fpga/swerv_core_fpga.sdk/temp_xsdb_launch_script.tcl
10:00:45 ERROR : Timed out. 180 seconds have elapsed while waiting for XSCT server to launch.
10:02:30 ERROR : (XSDB Server)Terminated

10:05:05 INFO  : Launching XSCT server: xsct -n -interactive /home/lqa/Documents/swerv/swerv_core_fpga/swerv_core_fpga.sdk/temp_xsdb_launch_script.tcl
10:05:08 INFO  : XSCT server has started successfully.
10:05:08 INFO  : Successfully done setting XSCT server connection channel  
10:05:09 INFO  : Successfully done setting SDK workspace  
10:05:16 INFO  : Registering command handlers for SDK TCF services
10:05:16 INFO  : Processing command line option -hwspec /home/lqa/Documents/swerv/swerv_core_fpga/swerv_core_fpga.sdk/top_bd_wrapper.hdf.
10:05:19 INFO  : Checking for hwspec changes in the project top_bd_wrapper_hw_platform_0.
10:05:19 INFO  : SDK has detected change in the last modified timestamps for source hardware specification file Source:1566853408000,  Project:1566826413000
10:05:19 INFO  : The hardware specification for project 'top_bd_wrapper_hw_platform_0' is different from /home/lqa/Documents/swerv/swerv_core_fpga/swerv_core_fpga.sdk/top_bd_wrapper.hdf.
10:05:34 INFO  : Copied contents of /home/lqa/Documents/swerv/swerv_core_fpga/swerv_core_fpga.sdk/top_bd_wrapper.hdf into /top_bd_wrapper_hw_platform_0/system.hdf.
10:05:37 INFO  : Synchronizing projects in the workspace with the hardware platform specification changes.
10:05:39 INFO  : 
10:05:40 INFO  : 
10:05:41 INFO  : Updating hardware inferred compiler options for MMP_FSBL.
10:05:42 INFO  : Updating hardware inferred compiler options for Hello_mmp.
10:05:43 INFO  : Updating hardware inferred compiler options for sdcard.
10:05:43 INFO  : Clearing existing target manager status.
10:07:48 INFO  : Invoking Bootgen: bootgen -image linux.bif -arch zynq -o /home/lqa/Documents/swerv/swerv_core_fpga/BOOT.bin -w on
10:07:48 INFO  : Overwriting existing bif file /home/lqa/Documents/swerv/swerv_core_fpga/linux.bif
10:07:50 INFO  : Bootgen command execution is done.
16:59:58 INFO  : Connected to target on host '127.0.0.1' and port '3121'.
17:00:10 INFO  : Connected to target on host '127.0.0.1' and port '3121'.
